<?xml version="1.0" encoding="UTF-8"?>
<testsuite xmlns:xsi="http://www.w3.org/2001/XMLSchema-instance" xsi:noNamespaceSchemaLocation="https://maven.apache.org/surefire/maven-surefire-plugin/xsd/surefire-test-report.xsd" name="org.finegs.AppTest" time="0.121" tests="1" errors="0" skipped="0" failures="0">
  <properties>
    <property name="sun.desktop" value="windows"/>
    <property name="awt.toolkit" value="sun.awt.windows.WToolkit"/>
    <property name="java.specification.version" value="11"/>
    <property name="sun.cpu.isalist" value="amd64"/>
    <property name="sun.jnu.encoding" value="MS949"/>
    <property name="java.class.path" value="D:\Dev\workspace\github_repository\my-kafka-simple\target\test-classes;D:\Dev\workspace\github_repository\my-kafka-simple\target\classes;D:\Dev\repository\mvn\org\apache\kafka\kafka-clients\3.1.0\kafka-clients-3.1.0.jar;D:\Dev\repository\mvn\com\github\luben\zstd-jni\1.5.0-4\zstd-jni-1.5.0-4.jar;D:\Dev\repository\mvn\org\lz4\lz4-java\1.8.0\lz4-java-1.8.0.jar;D:\Dev\repository\mvn\org\xerial\snappy\snappy-java\1.1.8.4\snappy-java-1.1.8.4.jar;D:\Dev\repository\mvn\org\slf4j\slf4j-api\1.7.30\slf4j-api-1.7.30.jar;D:\Dev\repository\mvn\org\apache\kafka\kafka-streams\3.1.0\kafka-streams-3.1.0.jar;D:\Dev\repository\mvn\org\rocksdb\rocksdbjni\6.22.1.1\rocksdbjni-6.22.1.1.jar;D:\Dev\repository\mvn\com\fasterxml\jackson\core\jackson-annotations\2.12.3\jackson-annotations-2.12.3.jar;D:\Dev\repository\mvn\com\fasterxml\jackson\core\jackson-databind\2.12.3\jackson-databind-2.12.3.jar;D:\Dev\repository\mvn\com\fasterxml\jackson\core\jackson-core\2.12.3\jackson-core-2.12.3.jar;D:\Dev\repository\mvn\org\apache\kafka\kafka_2.11\2.4.1\kafka_2.11-2.4.1.jar;D:\Dev\repository\mvn\com\fasterxml\jackson\module\jackson-module-scala_2.11\2.10.0\jackson-module-scala_2.11-2.10.0.jar;D:\Dev\repository\mvn\com\fasterxml\jackson\module\jackson-module-paranamer\2.10.0\jackson-module-paranamer-2.10.0.jar;D:\Dev\repository\mvn\com\thoughtworks\paranamer\paranamer\2.8\paranamer-2.8.jar;D:\Dev\repository\mvn\com\fasterxml\jackson\dataformat\jackson-dataformat-csv\2.10.0\jackson-dataformat-csv-2.10.0.jar;D:\Dev\repository\mvn\com\fasterxml\jackson\datatype\jackson-datatype-jdk8\2.10.0\jackson-datatype-jdk8-2.10.0.jar;D:\Dev\repository\mvn\net\sf\jopt-simple\jopt-simple\5.0.4\jopt-simple-5.0.4.jar;D:\Dev\repository\mvn\com\yammer\metrics\metrics-core\2.2.0\metrics-core-2.2.0.jar;D:\Dev\repository\mvn\org\scala-lang\modules\scala-collection-compat_2.11\2.1.2\scala-collection-compat_2.11-2.1.2.jar;D:\Dev\repository\mvn\org\scala-lang\modules\scala-java8-compat_2.11\0.9.0\scala-java8-compat_2.11-0.9.0.jar;D:\Dev\repository\mvn\org\scala-lang\scala-library\2.11.12\scala-library-2.11.12.jar;D:\Dev\repository\mvn\org\scala-lang\scala-reflect\2.11.12\scala-reflect-2.11.12.jar;D:\Dev\repository\mvn\com\typesafe\scala-logging\scala-logging_2.11\3.9.2\scala-logging_2.11-3.9.2.jar;D:\Dev\repository\mvn\org\apache\zookeeper\zookeeper\3.5.7\zookeeper-3.5.7.jar;D:\Dev\repository\mvn\org\apache\zookeeper\zookeeper-jute\3.5.7\zookeeper-jute-3.5.7.jar;D:\Dev\repository\mvn\org\apache\yetus\audience-annotations\0.5.0\audience-annotations-0.5.0.jar;D:\Dev\repository\mvn\io\netty\netty-handler\4.1.45.Final\netty-handler-4.1.45.Final.jar;D:\Dev\repository\mvn\io\netty\netty-common\4.1.45.Final\netty-common-4.1.45.Final.jar;D:\Dev\repository\mvn\io\netty\netty-buffer\4.1.45.Final\netty-buffer-4.1.45.Final.jar;D:\Dev\repository\mvn\io\netty\netty-transport\4.1.45.Final\netty-transport-4.1.45.Final.jar;D:\Dev\repository\mvn\io\netty\netty-resolver\4.1.45.Final\netty-resolver-4.1.45.Final.jar;D:\Dev\repository\mvn\io\netty\netty-codec\4.1.45.Final\netty-codec-4.1.45.Final.jar;D:\Dev\repository\mvn\io\netty\netty-transport-native-epoll\4.1.45.Final\netty-transport-native-epoll-4.1.45.Final.jar;D:\Dev\repository\mvn\io\netty\netty-transport-native-unix-common\4.1.45.Final\netty-transport-native-unix-common-4.1.45.Final.jar;D:\Dev\repository\mvn\commons-cli\commons-cli\1.4\commons-cli-1.4.jar;D:\Dev\repository\mvn\junit\junit\4.13.2\junit-4.13.2.jar;D:\Dev\repository\mvn\org\hamcrest\hamcrest-core\1.3\hamcrest-core-1.3.jar;"/>
    <property name="java.vm.vendor" value="Oracle Corporation"/>
    <property name="sun.arch.data.model" value="64"/>
    <property name="user.variant" value=""/>
    <property name="java.vendor.url" value="http://java.oracle.com/"/>
    <property name="user.timezone" value="Asia/Seoul"/>
    <property name="java.vm.specification.version" value="11"/>
    <property name="os.name" value="Windows 10"/>
    <property name="sun.java.launcher" value="SUN_STANDARD"/>
    <property name="user.country" value="KR"/>
    <property name="sun.boot.library.path" value="D:\Programs\Java\Java\bin"/>
    <property name="sun.java.command" value="C:\Users\fineg\AppData\Local\Temp\surefire327172334803181902\surefirebooter6520740197790508144.jar C:\Users\fineg\AppData\Local\Temp\surefire327172334803181902 2022-04-03T11-11-41_961-jvmRun1 surefire4750819116389080683tmp surefire_014871056253000466701tmp"/>
    <property name="jdk.debug" value="release"/>
    <property name="surefire.test.class.path" value="D:\Dev\workspace\github_repository\my-kafka-simple\target\test-classes;D:\Dev\workspace\github_repository\my-kafka-simple\target\classes;D:\Dev\repository\mvn\org\apache\kafka\kafka-clients\3.1.0\kafka-clients-3.1.0.jar;D:\Dev\repository\mvn\com\github\luben\zstd-jni\1.5.0-4\zstd-jni-1.5.0-4.jar;D:\Dev\repository\mvn\org\lz4\lz4-java\1.8.0\lz4-java-1.8.0.jar;D:\Dev\repository\mvn\org\xerial\snappy\snappy-java\1.1.8.4\snappy-java-1.1.8.4.jar;D:\Dev\repository\mvn\org\slf4j\slf4j-api\1.7.30\slf4j-api-1.7.30.jar;D:\Dev\repository\mvn\org\apache\kafka\kafka-streams\3.1.0\kafka-streams-3.1.0.jar;D:\Dev\repository\mvn\org\rocksdb\rocksdbjni\6.22.1.1\rocksdbjni-6.22.1.1.jar;D:\Dev\repository\mvn\com\fasterxml\jackson\core\jackson-annotations\2.12.3\jackson-annotations-2.12.3.jar;D:\Dev\repository\mvn\com\fasterxml\jackson\core\jackson-databind\2.12.3\jackson-databind-2.12.3.jar;D:\Dev\repository\mvn\com\fasterxml\jackson\core\jackson-core\2.12.3\jackson-core-2.12.3.jar;D:\Dev\repository\mvn\org\apache\kafka\kafka_2.11\2.4.1\kafka_2.11-2.4.1.jar;D:\Dev\repository\mvn\com\fasterxml\jackson\module\jackson-module-scala_2.11\2.10.0\jackson-module-scala_2.11-2.10.0.jar;D:\Dev\repository\mvn\com\fasterxml\jackson\module\jackson-module-paranamer\2.10.0\jackson-module-paranamer-2.10.0.jar;D:\Dev\repository\mvn\com\thoughtworks\paranamer\paranamer\2.8\paranamer-2.8.jar;D:\Dev\repository\mvn\com\fasterxml\jackson\dataformat\jackson-dataformat-csv\2.10.0\jackson-dataformat-csv-2.10.0.jar;D:\Dev\repository\mvn\com\fasterxml\jackson\datatype\jackson-datatype-jdk8\2.10.0\jackson-datatype-jdk8-2.10.0.jar;D:\Dev\repository\mvn\net\sf\jopt-simple\jopt-simple\5.0.4\jopt-simple-5.0.4.jar;D:\Dev\repository\mvn\com\yammer\metrics\metrics-core\2.2.0\metrics-core-2.2.0.jar;D:\Dev\repository\mvn\org\scala-lang\modules\scala-collection-compat_2.11\2.1.2\scala-collection-compat_2.11-2.1.2.jar;D:\Dev\repository\mvn\org\scala-lang\modules\scala-java8-compat_2.11\0.9.0\scala-java8-compat_2.11-0.9.0.jar;D:\Dev\repository\mvn\org\scala-lang\scala-library\2.11.12\scala-library-2.11.12.jar;D:\Dev\repository\mvn\org\scala-lang\scala-reflect\2.11.12\scala-reflect-2.11.12.jar;D:\Dev\repository\mvn\com\typesafe\scala-logging\scala-logging_2.11\3.9.2\scala-logging_2.11-3.9.2.jar;D:\Dev\repository\mvn\org\apache\zookeeper\zookeeper\3.5.7\zookeeper-3.5.7.jar;D:\Dev\repository\mvn\org\apache\zookeeper\zookeeper-jute\3.5.7\zookeeper-jute-3.5.7.jar;D:\Dev\repository\mvn\org\apache\yetus\audience-annotations\0.5.0\audience-annotations-0.5.0.jar;D:\Dev\repository\mvn\io\netty\netty-handler\4.1.45.Final\netty-handler-4.1.45.Final.jar;D:\Dev\repository\mvn\io\netty\netty-common\4.1.45.Final\netty-common-4.1.45.Final.jar;D:\Dev\repository\mvn\io\netty\netty-buffer\4.1.45.Final\netty-buffer-4.1.45.Final.jar;D:\Dev\repository\mvn\io\netty\netty-transport\4.1.45.Final\netty-transport-4.1.45.Final.jar;D:\Dev\repository\mvn\io\netty\netty-resolver\4.1.45.Final\netty-resolver-4.1.45.Final.jar;D:\Dev\repository\mvn\io\netty\netty-codec\4.1.45.Final\netty-codec-4.1.45.Final.jar;D:\Dev\repository\mvn\io\netty\netty-transport-native-epoll\4.1.45.Final\netty-transport-native-epoll-4.1.45.Final.jar;D:\Dev\repository\mvn\io\netty\netty-transport-native-unix-common\4.1.45.Final\netty-transport-native-unix-common-4.1.45.Final.jar;D:\Dev\repository\mvn\commons-cli\commons-cli\1.4\commons-cli-1.4.jar;D:\Dev\repository\mvn\junit\junit\4.13.2\junit-4.13.2.jar;D:\Dev\repository\mvn\org\hamcrest\hamcrest-core\1.3\hamcrest-core-1.3.jar;"/>
    <property name="sun.cpu.endian" value="little"/>
    <property name="user.home" value="C:\Users\fineg"/>
    <property name="user.language" value="ko"/>
    <property name="java.specification.vendor" value="Oracle Corporation"/>
    <property name="java.version.date" value="2019-01-15"/>
    <property name="java.home" value="D:\Programs\Java\Java"/>
    <property name="file.separator" value="\"/>
    <property name="basedir" value="D:\Dev\workspace\github_repository\my-kafka-simple"/>
    <property name="java.vm.compressedOopsMode" value="Zero based"/>
    <property name="line.separator" value="&#10;"/>
    <property name="java.specification.name" value="Java Platform API Specification"/>
    <property name="java.vm.specification.vendor" value="Oracle Corporation"/>
    <property name="java.awt.graphicsenv" value="sun.awt.Win32GraphicsEnvironment"/>
    <property name="surefire.real.class.path" value="C:\Users\fineg\AppData\Local\Temp\surefire327172334803181902\surefirebooter6520740197790508144.jar"/>
    <property name="user.script" value=""/>
    <property name="sun.management.compiler" value="HotSpot 64-Bit Tiered Compilers"/>
    <property name="java.runtime.version" value="11.0.2+9"/>
    <property name="user.name" value="fineg"/>
    <property name="path.separator" value=";"/>
    <property name="os.version" value="10.0"/>
    <property name="java.runtime.name" value="OpenJDK Runtime Environment"/>
    <property name="file.encoding" value="MS949"/>
    <property name="java.vm.name" value="OpenJDK 64-Bit Server VM"/>
    <property name="java.vendor.version" value="18.9"/>
    <property name="localRepository" value="D:\Dev\repository\mvn"/>
    <property name="java.vendor.url.bug" value="http://bugreport.java.com/bugreport/"/>
    <property name="java.io.tmpdir" value="C:\Users\fineg\AppData\Local\Temp\"/>
    <property name="java.version" value="11.0.2"/>
    <property name="user.dir" value="D:\Dev\workspace\github_repository\my-kafka-simple"/>
    <property name="os.arch" value="amd64"/>
    <property name="java.vm.specification.name" value="Java Virtual Machine Specification"/>
    <property name="java.awt.printerjob" value="sun.awt.windows.WPrinterJob"/>
    <property name="sun.os.patch.level" value=""/>
    <property name="java.library.path" value="D:\Programs\Java\Java\bin;C:\WINDOWS\Sun\Java\bin;C:\WINDOWS\system32;C:\WINDOWS;D:\Programs\Python\Python310;D:\Programs\Python\Python310\Scripts;D:\Programs\node\node;D:\Programs\7-Zip;D:\Programs\Java\Java\bin;D:\Programs\LLVM\LLVM\bin;D:\Programs\cscope;D:\Programs\Vim\Vim\vim82;C:\ProgramData\Oracle\Java\javapath;C:\ProgramData\chocolatey\bin;C:\WINDOWS;C:\WINDOWS\System32;C:\WINDOWS\System32\Wbem;C:\WINDOWS\System32\WindowsPowerShell\v1.0\;C:\WINDOWS\System32\OpenSSH\;D:\Programs\msys2\mingw64\bin;C:\WINDOWS\system32;C:\WINDOWS;C:\WINDOWS\System32\Wbem;D:\Programs\bin;D:\Programs\Git\Git\cmd;D:\Programs\msys2;D:\Programs\msys2\usr\bin;D:\Programs\maven\apache-maven-3.8.5\bin;C:\Users\fineg\AppData\Local\Microsoft\WindowsApps;D:\Programs\MSVSCode\bin;;."/>
    <property name="java.vendor" value="Oracle Corporation"/>
    <property name="java.vm.info" value="mixed mode"/>
    <property name="java.vm.version" value="11.0.2+9"/>
    <property name="sun.io.unicode.encoding" value="UnicodeLittle"/>
    <property name="java.class.version" value="55.0"/>
  </properties>
  <testcase name="shouldAnswerWithTrue" classname="org.finegs.AppTest" time="0.008"/>
</testsuite>